[INFO] update: rose-suite-log.json
[INFO] update: rose-suite-log.json
[INFO] update: rose-suite-log-2013010100.json
[INFO] update: rose-suite-log.json
[INFO] update: rose-suite-log.json
[INFO] delete: $JOB_HOST:share/data/2013010100/a-hello-2
[INFO] delete: $JOB_HOST:work/my_task_2.2013010100
[INFO] delete: share/data/2013010100/a-hello-1
[INFO] delete: work/my_task_1.2013010100/
[INFO] delete: work/rose_prune.2013010100/
[INFO] update: rose-suite-log-2013010112.json
[INFO] update: rose-suite-log.json
[INFO] delete: rose-suite-log-2013010100.json
[INFO] create: job-2013010100.tar.gz
[INFO] delete: job/cold.2013010100.1
[INFO] delete: job/cold.2013010100.1.err
[INFO] delete: job/cold.2013010100.1.out
[INFO] delete: job/cold.2013010100.1.status
[INFO] delete: job/my_task_1.2013010100.1
[INFO] delete: job/my_task_1.2013010100.1.err
[INFO] delete: job/my_task_1.2013010100.1.out
[INFO] delete: job/my_task_1.2013010100.1.status
[INFO] delete: job/my_task_2.2013010100.1
[INFO] delete: job/my_task_2.2013010100.1.err
[INFO] delete: job/my_task_2.2013010100.1.out
[INFO] delete: job/my_task_2.2013010100.1.status
[INFO] delete: job/rose_prune.2013010100.1
[INFO] delete: job/rose_prune.2013010100.1.err
[INFO] delete: job/rose_prune.2013010100.1.out
[INFO] delete: job/rose_prune.2013010100.1.status
[INFO] update: rose-suite-log-2013010100.json
[INFO] update: rose-suite-log.json
[INFO] delete: $JOB_HOST:share/data/2013010100/b-hello-2
[INFO] delete: $JOB_HOST:share/data/2013010100/c-hello-2
[INFO] delete: $JOB_HOST:share/data/2013010112/a-hello-2
[INFO] delete: $JOB_HOST:work/my_task_2.2013010112
[INFO] delete: share/data/2013010112/a-hello-1
[INFO] delete: share/data/2013010100/b-hello-1
[INFO] delete: share/data/2013010100/c-hello-1
[INFO] delete: work/my_task_1.2013010112/
[INFO] delete: work/rose_prune.2013010112/
[INFO] update: rose-suite-log-2013010200.json
[INFO] update: rose-suite-log.json
[INFO] delete: rose-suite-log-2013010112.json
[INFO] create: job-2013010112.tar.gz
[INFO] delete: job/my_task_1.2013010112.1
[INFO] delete: job/my_task_1.2013010112.1.err
[INFO] delete: job/my_task_1.2013010112.1.out
[INFO] delete: job/my_task_1.2013010112.1.status
[INFO] delete: job/my_task_2.2013010112.1
[INFO] delete: job/my_task_2.2013010112.1.err
[INFO] delete: job/my_task_2.2013010112.1.out
[INFO] delete: job/my_task_2.2013010112.1.status
[INFO] delete: job/rose_prune.2013010112.1
[INFO] delete: job/rose_prune.2013010112.1.err
[INFO] delete: job/rose_prune.2013010112.1.out
[INFO] delete: job/rose_prune.2013010112.1.status
[INFO] update: rose-suite-log-2013010112.json
[INFO] update: rose-suite-log.json
[INFO] delete: $JOB_HOST:share/data/2013010100
[INFO] delete: $JOB_HOST:share/data/2013010112/b-hello-2
[INFO] delete: $JOB_HOST:share/data/2013010112/c-hello-2
[INFO] delete: $JOB_HOST:share/data/2013010200/a-hello-2
[INFO] delete: $JOB_HOST:work/my_task_2.2013010200
[INFO] delete: share/data/2013010200/a-hello-1
[INFO] delete: share/data/2013010112/b-hello-1
[INFO] delete: share/data/2013010112/c-hello-1
[INFO] delete: share/data/2013010100/
[INFO] delete: work/my_task_1.2013010200/
[INFO] delete: work/rose_prune.2013010200/
[INFO] update: rose-suite-log-2013010212.json
[INFO] update: rose-suite-log.json
[INFO] delete: rose-suite-log-2013010200.json
[INFO] create: job-2013010200.tar.gz
[INFO] delete: job/my_task_1.2013010200.1
[INFO] delete: job/my_task_1.2013010200.1.err
[INFO] delete: job/my_task_1.2013010200.1.out
[INFO] delete: job/my_task_1.2013010200.1.status
[INFO] delete: job/my_task_2.2013010200.1
[INFO] delete: job/my_task_2.2013010200.1.err
[INFO] delete: job/my_task_2.2013010200.1.out
[INFO] delete: job/my_task_2.2013010200.1.status
[INFO] delete: job/rose_prune.2013010200.1
[INFO] delete: job/rose_prune.2013010200.1.err
[INFO] delete: job/rose_prune.2013010200.1.out
[INFO] delete: job/rose_prune.2013010200.1.status
[INFO] update: rose-suite-log-2013010200.json
[INFO] update: rose-suite-log.json
[INFO] delete: $JOB_HOST:share/data/2013010112
[INFO] delete: $JOB_HOST:share/data/2013010200/b-hello-2
[INFO] delete: $JOB_HOST:share/data/2013010200/c-hello-2
[INFO] delete: $JOB_HOST:share/data/2013010212/a-hello-2
[INFO] delete: $JOB_HOST:work/my_task_2.2013010212
[INFO] delete: share/data/2013010212/a-hello-1
[INFO] delete: share/data/2013010200/b-hello-1
[INFO] delete: share/data/2013010200/c-hello-1
[INFO] delete: share/data/2013010112/
[INFO] delete: work/my_task_1.2013010212/
[INFO] delete: work/rose_prune.2013010212/
