foo/2013010100/hello/worlds/dark-matter.txt
foo/2013010100/hello/worlds/earth.txt
foo/2013010100/hello/worlds/organisms.tar.gz
foo/2013010100/hello/worlds/planet-n.tar.gz
foo/2013010100/hello/worlds/spaceships/spaceship-1.txt.gz
foo/2013010100/hello/worlds/spaceships/spaceship-2.txt.gz
foo/2013010100/hello/worlds/spaceships/spaceship-3.txt.gz
foo/2013010100/hello/worlds/spaceships/spaceship-4.txt.gz
foo/2013010100/hello/worlds/spaceships/spaceship-5.txt.gz
foo/2013010100/hello/worlds/spaceships/spaceship-6.txt.gz
foo/2013010100/hello/worlds/spaceships/spaceship-7.txt.gz
foo/2013010100/hello/worlds/spaceships/spaceship-8.txt.gz
foo/2013010100/hello/worlds/spaceships/spaceship-9.txt.gz
foo/2013010100/hello/worlds/try.nl
foo/2013010100/hello/worlds/unknown/stuff.pax
foo/2013010112/hello/worlds/dark-matter.txt
foo/2013010112/hello/worlds/earth.txt
foo/2013010112/hello/worlds/mars.txt.gz
foo/2013010112/hello/worlds/organisms.tar.gz
foo/2013010112/hello/worlds/planet-n.tar.gz
foo/2013010112/hello/worlds/spaceships/spaceship-1.txt.gz
foo/2013010112/hello/worlds/spaceships/spaceship-2.txt.gz
foo/2013010112/hello/worlds/spaceships/spaceship-3.txt.gz
foo/2013010112/hello/worlds/spaceships/spaceship-4.txt.gz
foo/2013010112/hello/worlds/spaceships/spaceship-5.txt.gz
foo/2013010112/hello/worlds/spaceships/spaceship-6.txt.gz
foo/2013010112/hello/worlds/spaceships/spaceship-7.txt.gz
foo/2013010112/hello/worlds/spaceships/spaceship-8.txt.gz
foo/2013010112/hello/worlds/spaceships/spaceship-9.txt.gz
foo/2013010112/hello/worlds/try.nl
foo/2013010112/hello/worlds/unknown/stuff.pax
foo/2013010200/hello/worlds/dark-matter.txt
foo/2013010200/hello/worlds/earth.txt
foo/2013010200/hello/worlds/organisms.tar.gz
foo/2013010200/hello/worlds/planet-n.tar.gz
foo/2013010200/hello/worlds/spaceships/spaceship-1.txt.gz
foo/2013010200/hello/worlds/spaceships/spaceship-2.txt.gz
foo/2013010200/hello/worlds/spaceships/spaceship-3.txt.gz
foo/2013010200/hello/worlds/spaceships/spaceship-4.txt.gz
foo/2013010200/hello/worlds/spaceships/spaceship-5.txt.gz
foo/2013010200/hello/worlds/spaceships/spaceship-6.txt.gz
foo/2013010200/hello/worlds/spaceships/spaceship-7.txt.gz
foo/2013010200/hello/worlds/spaceships/spaceship-8.txt.gz
foo/2013010200/hello/worlds/spaceships/spaceship-9.txt.gz
foo/2013010200/hello/worlds/try.nl
foo/2013010200/hello/worlds/unknown/stuff.pax
