[INFO] delete: $JOB_HOST:log/job/2013010100/
[INFO] delete: $JOB_HOST:share/cycle/2013010100/a-hello-2
[INFO] delete: $JOB_HOST:work/2013010100
[INFO] delete: share/cycle/2013010100/a-hello-1
[INFO] delete: work/2013010100
[INFO] delete: $JOB_HOST:log/job/2013010112/
[INFO] create: log/job-2013010100.tar.gz
[INFO] delete: log/job/2013010100/
[INFO] delete: $JOB_HOST:share/cycle/2013010100/b-hello-2
[INFO] delete: $JOB_HOST:share/cycle/2013010100/c-hello-2
[INFO] delete: $JOB_HOST:share/cycle/2013010112/a-hello-2
[INFO] delete: $JOB_HOST:work/2013010112
[INFO] delete: share/cycle/2013010100/b-hello-1
[INFO] delete: share/cycle/2013010100/c-hello-1
[INFO] delete: share/cycle/2013010112/a-hello-1
[INFO] delete: work/2013010112
[INFO] delete: $JOB_HOST:log/job/2013010200/
[INFO] create: log/job-2013010112.tar.gz
[INFO] delete: log/job/2013010112/
[INFO] delete: $JOB_HOST:share/cycle/2013010100
[INFO] delete: $JOB_HOST:share/cycle/2013010112/b-hello-2
[INFO] delete: $JOB_HOST:share/cycle/2013010112/c-hello-2
[INFO] delete: $JOB_HOST:share/cycle/2013010200/a-hello-2
[INFO] delete: $JOB_HOST:work/2013010200
[INFO] delete: share/cycle/2013010100
[INFO] delete: share/cycle/2013010112/b-hello-1
[INFO] delete: share/cycle/2013010112/c-hello-1
[INFO] delete: share/cycle/2013010200/a-hello-1
[INFO] delete: work/2013010200
[INFO] delete: $JOB_HOST:log/job/2013010212/
[INFO] create: log/job-2013010200.tar.gz
[INFO] delete: log/job/2013010200/
[INFO] delete: $JOB_HOST:share/cycle/2013010112
[INFO] delete: $JOB_HOST:share/cycle/2013010200/b-hello-2
[INFO] delete: $JOB_HOST:share/cycle/2013010200/c-hello-2
[INFO] delete: $JOB_HOST:share/cycle/2013010212/a-hello-2
[INFO] delete: $JOB_HOST:work/2013010212
[INFO] delete: share/cycle/2013010112
[INFO] delete: share/cycle/2013010200/b-hello-1
[INFO] delete: share/cycle/2013010200/c-hello-1
[INFO] delete: share/cycle/2013010212/a-hello-1
[INFO] delete: work/2013010212
