$SUITE_RUN_DIR/log/job-20130101T0000Z.tar.gz
$SUITE_RUN_DIR/log/job-20130101T1200Z.tar.gz
$SUITE_RUN_DIR/log/job-20130102T0000Z.tar.gz

$SUITE_RUN_DIR/log/job:
my_task_1.20130102T1200Z.1
my_task_1.20130102T1200Z.1.err
my_task_1.20130102T1200Z.1.out
my_task_1.20130102T1200Z.1.status
my_task_1.20130103T0000Z.1
my_task_1.20130103T0000Z.1.err
my_task_1.20130103T0000Z.1.out
my_task_1.20130103T0000Z.1.status
my_task_2.20130102T1200Z.1
my_task_2.20130102T1200Z.1.err
my_task_2.20130102T1200Z.1.out
my_task_2.20130102T1200Z.1.status
my_task_2.20130103T0000Z.1
my_task_2.20130103T0000Z.1.err
my_task_2.20130103T0000Z.1.out
my_task_2.20130103T0000Z.1.status
rose_prune.20130102T1200Z.1
rose_prune.20130102T1200Z.1.err
rose_prune.20130102T1200Z.1.out
rose_prune.20130102T1200Z.1.status
rose_prune.20130103T0000Z.1
rose_prune.20130103T0000Z.1.err
rose_prune.20130103T0000Z.1.out
rose_prune.20130103T0000Z.1.status

$SUITE_RUN_DIR/share/data:
20130102T0000Z
20130102T1200Z
20130103T0000Z

$SUITE_RUN_DIR/work:
my_task_1.20130103T0000Z
rose_prune.20130103T0000Z
