[INFO] export ROSE_TASK_CYCLE_TIME=2013010100
[INFO] export ROSE_TASK_CYCLE_TIME=2013010112
[INFO] delete: work/t1.2013010100/jupiter.txt
[INFO] delete: work/t2.2013010100/jupiter.txt
[INFO] export ROSE_TASK_CYCLE_TIME=2013010200
[INFO] delete: work/t1.2013010100/mars.txt
[INFO] delete: work/t1.2013010100/venus.txt
[INFO] delete: work/t1.2013010112/jupiter.txt
[INFO] delete: work/t2.2013010100/mars.txt
[INFO] delete: work/t2.2013010100/venus.txt
[INFO] delete: work/t2.2013010112/jupiter.txt
[INFO] delete: work/t3.2013010100/mars.txt
[INFO] delete: work/t3.2013010100/venus.txt
[INFO] export ROSE_TASK_CYCLE_TIME=2013010212
[INFO] delete: work/t1.2013010112/mars.txt
[INFO] delete: work/t1.2013010112/venus.txt
[INFO] delete: work/t1.2013010200/jupiter.txt
[INFO] delete: work/t2.2013010112/mars.txt
[INFO] delete: work/t2.2013010112/venus.txt
[INFO] delete: work/t2.2013010200/jupiter.txt
[INFO] delete: work/t3.2013010100
[INFO] delete: work/t3.2013010112/mars.txt
[INFO] delete: work/t3.2013010112/venus.txt
[INFO] export ROSE_TASK_CYCLE_TIME=2013010300
[INFO] delete: work/rose_prune.2013010100
[INFO] delete: work/t1.2013010100
[INFO] delete: work/t1.2013010200/mars.txt
[INFO] delete: work/t1.2013010200/venus.txt
[INFO] delete: work/t1.2013010212/jupiter.txt
[INFO] delete: work/t2.2013010100
[INFO] delete: work/t2.2013010200/mars.txt
[INFO] delete: work/t2.2013010200/venus.txt
[INFO] delete: work/t2.2013010212/jupiter.txt
[INFO] delete: work/t3.2013010112
[INFO] delete: work/t3.2013010200/mars.txt
[INFO] delete: work/t3.2013010200/venus.txt
