[INFO] delete: $JOB_HOST:my_task_2.20130101T0000Z.1
[INFO] delete: $JOB_HOST:my_task_2.20130101T0000Z.1.err
[INFO] delete: $JOB_HOST:my_task_2.20130101T0000Z.1.out
[INFO] delete: $JOB_HOST:my_task_2.20130101T0000Z.1.status
[INFO] delete: $JOB_HOST:share/data/20130101T0000Z/a-hello-2
[INFO] delete: $JOB_HOST:work/my_task_2.20130101T0000Z
[INFO] delete: share/data/20130101T0000Z/a-hello-1
[INFO] delete: work/my_task_1.20130101T0000Z
[INFO] delete: work/rose_prune.20130101T0000Z
[INFO] delete: $JOB_HOST:my_task_2.20130101T1200Z.1
[INFO] delete: $JOB_HOST:my_task_2.20130101T1200Z.1.err
[INFO] delete: $JOB_HOST:my_task_2.20130101T1200Z.1.out
[INFO] delete: $JOB_HOST:my_task_2.20130101T1200Z.1.status
[INFO] create: job-20130101T0000Z.tar.gz
[INFO] delete: job/my_task_1.20130101T0000Z.1
[INFO] delete: job/my_task_1.20130101T0000Z.1.err
[INFO] delete: job/my_task_1.20130101T0000Z.1.out
[INFO] delete: job/my_task_1.20130101T0000Z.1.status
[INFO] delete: job/my_task_2.20130101T0000Z.1
[INFO] delete: job/my_task_2.20130101T0000Z.1.err
[INFO] delete: job/my_task_2.20130101T0000Z.1.out
[INFO] delete: job/my_task_2.20130101T0000Z.1.status
[INFO] delete: job/rose_prune.20130101T0000Z.1
[INFO] delete: job/rose_prune.20130101T0000Z.1.err
[INFO] delete: job/rose_prune.20130101T0000Z.1.out
[INFO] delete: job/rose_prune.20130101T0000Z.1.status
[INFO] delete: $JOB_HOST:share/data/20130101T0000Z/b-hello-2
[INFO] delete: $JOB_HOST:share/data/20130101T0000Z/c-hello-2
[INFO] delete: $JOB_HOST:share/data/20130101T1200Z/a-hello-2
[INFO] delete: $JOB_HOST:work/my_task_2.20130101T1200Z
[INFO] delete: share/data/20130101T0000Z/b-hello-1
[INFO] delete: share/data/20130101T0000Z/c-hello-1
[INFO] delete: share/data/20130101T1200Z/a-hello-1
[INFO] delete: work/my_task_1.20130101T1200Z
[INFO] delete: work/rose_prune.20130101T1200Z
[INFO] delete: $JOB_HOST:my_task_2.20130102T0000Z.1
[INFO] delete: $JOB_HOST:my_task_2.20130102T0000Z.1.err
[INFO] delete: $JOB_HOST:my_task_2.20130102T0000Z.1.out
[INFO] delete: $JOB_HOST:my_task_2.20130102T0000Z.1.status
[INFO] create: job-20130101T1200Z.tar.gz
[INFO] delete: job/my_task_1.20130101T1200Z.1
[INFO] delete: job/my_task_1.20130101T1200Z.1.err
[INFO] delete: job/my_task_1.20130101T1200Z.1.out
[INFO] delete: job/my_task_1.20130101T1200Z.1.status
[INFO] delete: job/my_task_2.20130101T1200Z.1
[INFO] delete: job/my_task_2.20130101T1200Z.1.err
[INFO] delete: job/my_task_2.20130101T1200Z.1.out
[INFO] delete: job/my_task_2.20130101T1200Z.1.status
[INFO] delete: job/rose_prune.20130101T1200Z.1
[INFO] delete: job/rose_prune.20130101T1200Z.1.err
[INFO] delete: job/rose_prune.20130101T1200Z.1.out
[INFO] delete: job/rose_prune.20130101T1200Z.1.status
[INFO] delete: $JOB_HOST:share/data/20130101T0000Z
[INFO] delete: $JOB_HOST:share/data/20130101T1200Z/b-hello-2
[INFO] delete: $JOB_HOST:share/data/20130101T1200Z/c-hello-2
[INFO] delete: $JOB_HOST:share/data/20130102T0000Z/a-hello-2
[INFO] delete: $JOB_HOST:work/my_task_2.20130102T0000Z
[INFO] delete: share/data/20130101T0000Z
[INFO] delete: share/data/20130101T1200Z/b-hello-1
[INFO] delete: share/data/20130101T1200Z/c-hello-1
[INFO] delete: share/data/20130102T0000Z/a-hello-1
[INFO] delete: work/my_task_1.20130102T0000Z
[INFO] delete: work/rose_prune.20130102T0000Z
[INFO] delete: $JOB_HOST:my_task_2.20130102T1200Z.1
[INFO] delete: $JOB_HOST:my_task_2.20130102T1200Z.1.err
[INFO] delete: $JOB_HOST:my_task_2.20130102T1200Z.1.out
[INFO] delete: $JOB_HOST:my_task_2.20130102T1200Z.1.status
[INFO] create: job-20130102T0000Z.tar.gz
[INFO] delete: job/my_task_1.20130102T0000Z.1
[INFO] delete: job/my_task_1.20130102T0000Z.1.err
[INFO] delete: job/my_task_1.20130102T0000Z.1.out
[INFO] delete: job/my_task_1.20130102T0000Z.1.status
[INFO] delete: job/my_task_2.20130102T0000Z.1
[INFO] delete: job/my_task_2.20130102T0000Z.1.err
[INFO] delete: job/my_task_2.20130102T0000Z.1.out
[INFO] delete: job/my_task_2.20130102T0000Z.1.status
[INFO] delete: job/rose_prune.20130102T0000Z.1
[INFO] delete: job/rose_prune.20130102T0000Z.1.err
[INFO] delete: job/rose_prune.20130102T0000Z.1.out
[INFO] delete: job/rose_prune.20130102T0000Z.1.status
[INFO] delete: $JOB_HOST:share/data/20130101T1200Z
[INFO] delete: $JOB_HOST:share/data/20130102T0000Z/b-hello-2
[INFO] delete: $JOB_HOST:share/data/20130102T0000Z/c-hello-2
[INFO] delete: $JOB_HOST:share/data/20130102T1200Z/a-hello-2
[INFO] delete: $JOB_HOST:work/my_task_2.20130102T1200Z
[INFO] delete: share/data/20130101T1200Z
[INFO] delete: share/data/20130102T0000Z/b-hello-1
[INFO] delete: share/data/20130102T0000Z/c-hello-1
[INFO] delete: share/data/20130102T1200Z/a-hello-1
[INFO] delete: work/my_task_1.20130102T1200Z
[INFO] delete: work/rose_prune.20130102T1200Z
