foo/20130101T0000Z/hello/worlds/dark-matter.txt
foo/20130101T0000Z/hello/worlds/earth.txt
foo/20130101T0000Z/hello/worlds/jupiter-moons.tar.gz
foo/20130101T0000Z/hello/worlds/jupiter.txt
foo/20130101T0000Z/hello/worlds/neptune-1.txt
foo/20130101T0000Z/hello/worlds/organisms.tar.gz
foo/20130101T0000Z/hello/worlds/planet-n.tar.gz
foo/20130101T0000Z/hello/worlds/saturn.txt
foo/20130101T0000Z/hello/worlds/spaceships/spaceship-1.txt.gz
foo/20130101T0000Z/hello/worlds/spaceships/spaceship-2.txt.gz
foo/20130101T0000Z/hello/worlds/spaceships/spaceship-3.txt.gz
foo/20130101T0000Z/hello/worlds/spaceships/spaceship-4.txt.gz
foo/20130101T0000Z/hello/worlds/spaceships/spaceship-5.txt.gz
foo/20130101T0000Z/hello/worlds/spaceships/spaceship-6.txt.gz
foo/20130101T0000Z/hello/worlds/spaceships/spaceship-7.txt.gz
foo/20130101T0000Z/hello/worlds/spaceships/spaceship-8.txt.gz
foo/20130101T0000Z/hello/worlds/spaceships/spaceship-9.txt.gz
foo/20130101T0000Z/hello/worlds/try.nl
foo/20130101T0000Z/hello/worlds/unknown/stuff.pax
foo/20130101T0000Z/hello/worlds/uranus.txt
foo/20130101T1200Z/hello/worlds/dark-matter.txt
foo/20130101T1200Z/hello/worlds/earth.txt
foo/20130101T1200Z/hello/worlds/jupiter-moons.tar.gz
foo/20130101T1200Z/hello/worlds/jupiter.txt
foo/20130101T1200Z/hello/worlds/mars.txt.gz
foo/20130101T1200Z/hello/worlds/neptune-1.txt
foo/20130101T1200Z/hello/worlds/organisms.tar.gz
foo/20130101T1200Z/hello/worlds/planet-n.tar.gz
foo/20130101T1200Z/hello/worlds/saturn.txt
foo/20130101T1200Z/hello/worlds/spaceships/spaceship-1.txt.gz
foo/20130101T1200Z/hello/worlds/spaceships/spaceship-2.txt.gz
foo/20130101T1200Z/hello/worlds/spaceships/spaceship-3.txt.gz
foo/20130101T1200Z/hello/worlds/spaceships/spaceship-4.txt.gz
foo/20130101T1200Z/hello/worlds/spaceships/spaceship-5.txt.gz
foo/20130101T1200Z/hello/worlds/spaceships/spaceship-6.txt.gz
foo/20130101T1200Z/hello/worlds/spaceships/spaceship-7.txt.gz
foo/20130101T1200Z/hello/worlds/spaceships/spaceship-8.txt.gz
foo/20130101T1200Z/hello/worlds/spaceships/spaceship-9.txt.gz
foo/20130101T1200Z/hello/worlds/try.nl
foo/20130101T1200Z/hello/worlds/unknown/stuff.pax
foo/20130101T1200Z/hello/worlds/uranus.txt
foo/20130102T0000Z/hello/worlds/dark-matter.txt
foo/20130102T0000Z/hello/worlds/earth.txt
foo/20130102T0000Z/hello/worlds/jupiter-moons.tar.gz
foo/20130102T0000Z/hello/worlds/jupiter.txt
foo/20130102T0000Z/hello/worlds/neptune-1.txt
foo/20130102T0000Z/hello/worlds/organisms.tar.gz
foo/20130102T0000Z/hello/worlds/planet-n.tar.gz
foo/20130102T0000Z/hello/worlds/saturn.txt
foo/20130102T0000Z/hello/worlds/spaceships/spaceship-1.txt.gz
foo/20130102T0000Z/hello/worlds/spaceships/spaceship-2.txt.gz
foo/20130102T0000Z/hello/worlds/spaceships/spaceship-3.txt.gz
foo/20130102T0000Z/hello/worlds/spaceships/spaceship-4.txt.gz
foo/20130102T0000Z/hello/worlds/spaceships/spaceship-5.txt.gz
foo/20130102T0000Z/hello/worlds/spaceships/spaceship-6.txt.gz
foo/20130102T0000Z/hello/worlds/spaceships/spaceship-7.txt.gz
foo/20130102T0000Z/hello/worlds/spaceships/spaceship-8.txt.gz
foo/20130102T0000Z/hello/worlds/spaceships/spaceship-9.txt.gz
foo/20130102T0000Z/hello/worlds/try.nl
foo/20130102T0000Z/hello/worlds/unknown/stuff.pax
foo/20130102T0000Z/hello/worlds/uranus.txt
