[INFO] ! foo://2013010112/planet-n.tar.gz [compress=tar.gz, t(init)=YYYY-mm-DDTHH:MM:SSZ, dt(tran)=SSSSs, dt(arch)=SSSSs]
[INFO] !	hello/dark-matter.txt (hello/dark-matter.txt)
[INFO] !	hello/earth.txt (hello/earth.txt)
[INFO] !	hello/jupiter-moon-1.txt (hello/jupiter-moon-1.txt)
[INFO] !	hello/jupiter.txt (hello/jupiter.txt)
[INFO] !	hello/mars.txt (hello/mars.txt)
[INFO] !	hello/mercury.txt (hello/mercury.txt)
[INFO] !	hello/neptune-1.txt (hello/neptune-1.txt)
[INFO] !	hello/planet-1.txt (hello/planet-1.txt)
[INFO] !	hello/planet-2.txt (hello/planet-2.txt)
[INFO] !	hello/planet-3.txt (hello/planet-3.txt)
[INFO] !	hello/planet-4.txt (hello/planet-4.txt)
[INFO] !	hello/planet-5.txt (hello/planet-5.txt)
[INFO] !	hello/planet-6.txt (hello/planet-6.txt)
[INFO] !	hello/planet-7.txt (hello/planet-7.txt)
[INFO] !	hello/planet-8.txt (hello/planet-8.txt)
[INFO] !	hello/planet-9.txt (hello/planet-9.txt)
[INFO] !	hello/saturn.txt (hello/saturn.txt)
[INFO] !	hello/spaceship-1.txt (hello/spaceship-1.txt)
[INFO] !	hello/spaceship-2.txt (hello/spaceship-2.txt)
[INFO] !	hello/spaceship-3.txt (hello/spaceship-3.txt)
[INFO] !	hello/spaceship-4.txt (hello/spaceship-4.txt)
[INFO] !	hello/spaceship-5.txt (hello/spaceship-5.txt)
[INFO] !	hello/spaceship-6.txt (hello/spaceship-6.txt)
[INFO] !	hello/spaceship-7.txt (hello/spaceship-7.txt)
[INFO] !	hello/spaceship-8.txt (hello/spaceship-8.txt)
[INFO] !	hello/spaceship-9.txt (hello/spaceship-9.txt)
[INFO] !	hello/uranus.txt (hello/uranus.txt)
[INFO] !	hello/venus.txt (hello/venus.txt)
