[INFO] YYYY-MM-DDTHHMM export ROSE_TASK_CYCLE_TIME=20130101T0000Z
[INFO] YYYY-MM-DDTHHMM export ROSE_TASK_CYCLE_TIME=20130101T1200Z
[INFO] YYYY-MM-DDTHHMM delete: work/20130101T0000Z/t1/jupiter.txt
[INFO] YYYY-MM-DDTHHMM delete: work/20130101T0000Z/t2/jupiter.txt
[INFO] YYYY-MM-DDTHHMM export ROSE_TASK_CYCLE_TIME=20130102T0000Z
[INFO] YYYY-MM-DDTHHMM delete: work/20130101T0000Z/t1/mars.txt
[INFO] YYYY-MM-DDTHHMM delete: work/20130101T0000Z/t1/venus.txt
[INFO] YYYY-MM-DDTHHMM delete: work/20130101T0000Z/t2/mars.txt
[INFO] YYYY-MM-DDTHHMM delete: work/20130101T0000Z/t2/venus.txt
[INFO] YYYY-MM-DDTHHMM delete: work/20130101T0000Z/t3/mars.txt
[INFO] YYYY-MM-DDTHHMM delete: work/20130101T0000Z/t3/venus.txt
[INFO] YYYY-MM-DDTHHMM delete: work/20130101T1200Z/t1/jupiter.txt
[INFO] YYYY-MM-DDTHHMM delete: work/20130101T1200Z/t2/jupiter.txt
[INFO] YYYY-MM-DDTHHMM export ROSE_TASK_CYCLE_TIME=20130102T1200Z
[INFO] YYYY-MM-DDTHHMM delete: work/20130101T0000Z/t3
[INFO] YYYY-MM-DDTHHMM delete: work/20130101T1200Z/t1/mars.txt
[INFO] YYYY-MM-DDTHHMM delete: work/20130101T1200Z/t1/venus.txt
[INFO] YYYY-MM-DDTHHMM delete: work/20130101T1200Z/t2/mars.txt
[INFO] YYYY-MM-DDTHHMM delete: work/20130101T1200Z/t2/venus.txt
[INFO] YYYY-MM-DDTHHMM delete: work/20130101T1200Z/t3/mars.txt
[INFO] YYYY-MM-DDTHHMM delete: work/20130101T1200Z/t3/venus.txt
[INFO] YYYY-MM-DDTHHMM delete: work/20130102T0000Z/t1/jupiter.txt
[INFO] YYYY-MM-DDTHHMM delete: work/20130102T0000Z/t2/jupiter.txt
[INFO] YYYY-MM-DDTHHMM export ROSE_TASK_CYCLE_TIME=20130103T0000Z
[INFO] YYYY-MM-DDTHHMM delete: work/20130101T0000Z
[INFO] YYYY-MM-DDTHHMM delete: work/20130101T1200Z/t3
[INFO] YYYY-MM-DDTHHMM delete: work/20130102T0000Z/t1/mars.txt
[INFO] YYYY-MM-DDTHHMM delete: work/20130102T0000Z/t1/venus.txt
[INFO] YYYY-MM-DDTHHMM delete: work/20130102T0000Z/t2/mars.txt
[INFO] YYYY-MM-DDTHHMM delete: work/20130102T0000Z/t2/venus.txt
[INFO] YYYY-MM-DDTHHMM delete: work/20130102T0000Z/t3/mars.txt
[INFO] YYYY-MM-DDTHHMM delete: work/20130102T0000Z/t3/venus.txt
[INFO] YYYY-MM-DDTHHMM delete: work/20130102T1200Z/t1/jupiter.txt
[INFO] YYYY-MM-DDTHHMM delete: work/20130102T1200Z/t2/jupiter.txt
