foo://20130102T0000Z/hello/worlds/dark-matter.txt||FOO_RC=$((2 - 1)) foo put %(target)s %(sources)s|1|
foo://20130102T0000Z/hello/worlds/earth.txt||foo put %(target)s %(sources)s|0|
foo://20130102T0000Z/hello/worlds/jupiter-moons.tar.zst|tar.zst|foo put %(target)s %(sources)s|0|sed 's/Hello/Greet/' %(in)s >%(out)s
foo://20130102T0000Z/hello/worlds/jupiter.txt||foo put %(target)s %(sources)s; touch -r share/cycle/20130102T0000Z/hello/t-ref share/cycle/20130102T0000Z/hello/jupiter.txt|0|
foo://20130102T0000Z/hello/worlds/neptune-1.txt||foo put %(target)s %(sources)s|0|sed 's/Hello/Greet/' %(in)s >%(out)s
foo://20130102T0000Z/hello/worlds/organisms.tar.zst|tar.zst|foo put %(target)s %(sources)s|0|
foo://20130102T0000Z/hello/worlds/planet-n.tar.zst|tar.zst|foo put %(target)s %(sources)s|0|
foo://20130102T0000Z/hello/worlds/saturn.txt||foo put %(target)s %(sources)s; touch -r share/cycle/20130102T0000Z/hello/t-ref share/cycle/20130102T0000Z/hello/saturn.txt|0|
foo://20130102T0000Z/hello/worlds/spaceships/|zst|foo put %(target)s %(sources)s|0|
foo://20130102T0000Z/hello/worlds/stars/||foo put %(target)s %(sources)s|0|
foo://20130102T0000Z/hello/worlds/try.nl||foo put %(target)s %(sources)s|0|
foo://20130102T0000Z/hello/worlds/unknown/stuff.pax|pax|foo put %(target)s %(sources)s|0|
foo://20130102T0000Z/hello/worlds/uranus.txt||foo put %(target)s %(sources)s; echo 'Hello Uranus and Moons' >share/cycle/20130102T0000Z/hello/uranus.txt|0|
foo://20130102T0000Z/hello/worlds/dark-matter.txt|hello/dark-matter.txt|8ee65f3e701e07c0c3ad586dc58a948c
foo://20130102T0000Z/hello/worlds/earth.txt|hello/earth.txt|d912f30f89b5d40f0ffa434e9e9714a8
foo://20130102T0000Z/hello/worlds/jupiter-moons.tar.zst|hello/jupiter-1.txt|7a4d5d5aba14ba1e059086ac6e0e34d0
foo://20130102T0000Z/hello/worlds/jupiter.txt|hello/jupiter.txt|source=$ROSE_DATAC/hello/jupiter.txt:mtime=1321819860.0:size=31
foo://20130102T0000Z/hello/worlds/neptune-1.txt|hello/neptune-1.txt|52be17cb5032ab1ee2b3a34407e4f78f
foo://20130102T0000Z/hello/worlds/organisms.tar.zst|hello/organisms/animals/crocodile.txt|bf410362cfc403e2542bdcb1ae46acce
foo://20130102T0000Z/hello/worlds/organisms.tar.zst|hello/organisms/animals/elephant.txt|8ba02aef72f42796d591e8858178bf0e
foo://20130102T0000Z/hello/worlds/organisms.tar.zst|hello/organisms/animals/goose.txt|2989e4dbaa92e00fb7a05cc2db97468d
foo://20130102T0000Z/hello/worlds/organisms.tar.zst|hello/organisms/animals/tiger.txt|4ad3cf583dc9618d4986ff27d8fafdfd
foo://20130102T0000Z/hello/worlds/organisms.tar.zst|hello/organisms/plants/daisy.txt|233105195d5f897efaa46f2e0483d24e
foo://20130102T0000Z/hello/worlds/organisms.tar.zst|hello/organisms/plants/holly.txt|c63b821746a19144b2b507ef8744d1af
foo://20130102T0000Z/hello/worlds/organisms.tar.zst|hello/organisms/plants/iris.txt|656ec00852d9d90f929a689b1dfe1f81
foo://20130102T0000Z/hello/worlds/organisms.tar.zst|hello/organisms/plants/jasmine.txt|7798ae798fffcb529a8729cf5f5ba128
foo://20130102T0000Z/hello/worlds/organisms.tar.zst|hello/organisms/plants/lily.txt|bdaecbceb631bac47bd2749bd20acab5
foo://20130102T0000Z/hello/worlds/planet-n.tar.zst|hello/planet-1.txt|d1bf2cfa960311278a3aea9afaf60fca
foo://20130102T0000Z/hello/worlds/planet-n.tar.zst|hello/planet-2.txt|bbebf2273dab1dc56b104f6373c1b249
foo://20130102T0000Z/hello/worlds/planet-n.tar.zst|hello/planet-3.txt|f4f61419fc7464ce8b132f8b9729740e
foo://20130102T0000Z/hello/worlds/planet-n.tar.zst|hello/planet-4.txt|0df8d342722232d196dd1049e78b3e77
foo://20130102T0000Z/hello/worlds/planet-n.tar.zst|hello/planet-5.txt|dea2da39535cfc5af553f04402bbfc0e
foo://20130102T0000Z/hello/worlds/planet-n.tar.zst|hello/planet-6.txt|980aac5825abde73528a0c823309fc64
foo://20130102T0000Z/hello/worlds/planet-n.tar.zst|hello/planet-7.txt|97ef84d6a5bfab093523e20e09aa5137
foo://20130102T0000Z/hello/worlds/planet-n.tar.zst|hello/planet-8.txt|a53efd68f81f975bd317f1e39b39f7f3
foo://20130102T0000Z/hello/worlds/planet-n.tar.zst|hello/planet-9.txt|ff0fbf9027e58543bacc15e5b7d289a8
foo://20130102T0000Z/hello/worlds/saturn.txt|hello/saturn.txt|2610a66e838d75c745d8a64ff8541812
foo://20130102T0000Z/hello/worlds/spaceships/|hello/spaceship-1.txt|9612fa0c9617830d044e9e402f74d834
foo://20130102T0000Z/hello/worlds/spaceships/|hello/spaceship-2.txt|8010aa72a3d5fe2ef4c4bf9d38751de3
foo://20130102T0000Z/hello/worlds/spaceships/|hello/spaceship-3.txt|83cf0703fc41171eade4510496574063
foo://20130102T0000Z/hello/worlds/spaceships/|hello/spaceship-4.txt|1ee60607b68bd42f5df90b586f5ca0ce
foo://20130102T0000Z/hello/worlds/spaceships/|hello/spaceship-5.txt|b0cc0a54e9354bba052b40dc7cd6cb3f
foo://20130102T0000Z/hello/worlds/spaceships/|hello/spaceship-6.txt|2d53a0b073804ee611bf86ec73a09589
foo://20130102T0000Z/hello/worlds/spaceships/|hello/spaceship-7.txt|f8fc808d5003015b6d3643e8825cc214
foo://20130102T0000Z/hello/worlds/spaceships/|hello/spaceship-8.txt|85a07828e07ab8aa8afa6f8262081403
foo://20130102T0000Z/hello/worlds/spaceships/|hello/spaceship-9.txt|de6b8c8c53d0d91c960644a18129cb0c
foo://20130102T0000Z/hello/worlds/stars/|20130102T0000Z-star-1.txt|8839564acc51805ff31ff04ae5d968fa
foo://20130102T0000Z/hello/worlds/stars/|20130102T0000Z-star-2.txt|c499c20d00e4608a1917e3029b53b53e
foo://20130102T0000Z/hello/worlds/stars/|20130102T0000Z-star-3.txt|864b4d48a5c392c346bae087d0fc2b1b
foo://20130102T0000Z/hello/worlds/stars/|20130102T0000Z-star-4.txt|7a29d25e015216980de1f209b8ab11f5
foo://20130102T0000Z/hello/worlds/stars/|20130102T0000Z-star-5.txt|b8f755ca24d6021b4d2b7d0d5c7e7b1c
foo://20130102T0000Z/hello/worlds/stars/|20130102T0000Z-star-6.txt|16bd791b242665fcb42a2457dca44dc1
foo://20130102T0000Z/hello/worlds/stars/|20130102T0000Z-star-7.txt|f0b3afb481ce3d593d9fc9820cef0456
foo://20130102T0000Z/hello/worlds/stars/|20130102T0000Z-star-8.txt|bd89739f414b8cb132bc7c1e9dcdf185
foo://20130102T0000Z/hello/worlds/stars/|20130102T0000Z-star-9.txt|326c18a6f265aabd6fe26e8c69dcad60
foo://20130102T0000Z/hello/worlds/try.nl|try.nl|2185bc8a21ae6a853bd74b01ad25af85
foo://20130102T0000Z/hello/worlds/unknown/stuff.pax|hello/20130102T0000Z-stuff-1.txt|a69330fee599fe039f6cb1d467f70393
foo://20130102T0000Z/hello/worlds/unknown/stuff.pax|hello/20130102T0000Z-stuff-2.txt|7b1e0742b9df08316e24fcabb957b482
foo://20130102T0000Z/hello/worlds/unknown/stuff.pax|hello/20130102T0000Z-stuff-3.txt|c8b60d5d4bf9b42c411c07c853952283
foo://20130102T0000Z/hello/worlds/unknown/stuff.pax|hello/20130102T0000Z-stuff-4.txt|ea557c22f3a35303b19dcdfd45dacd01
foo://20130102T0000Z/hello/worlds/unknown/stuff.pax|hello/20130102T0000Z-stuff-5.txt|468cd05e391cbdaf628af7283a407381
foo://20130102T0000Z/hello/worlds/unknown/stuff.pax|hello/20130102T0000Z-stuff-6.txt|75dcc0652cf14ea3cab8a88335a0918c
foo://20130102T0000Z/hello/worlds/unknown/stuff.pax|hello/20130102T0000Z-stuff-7.txt|6d5d10d843d9d04b975bbef7bfe908e5
foo://20130102T0000Z/hello/worlds/unknown/stuff.pax|hello/20130102T0000Z-stuff-8.txt|ca0fb6bef96ec3e9dadaea8fc799bd54
foo://20130102T0000Z/hello/worlds/unknown/stuff.pax|hello/20130102T0000Z-stuff-9.txt|8d988c43da1dd7df887ec5a9d4acd3e6
foo://20130102T0000Z/hello/worlds/uranus.txt|hello/uranus.txt|e5079393fefe526d4074c2dcc8ef2462
